2022-07-19 20:03:28,220 [Worker-1: Loading available Gradle versions] INFO  o.e.b.c.i.u.g.PublishedGradleVersions - Gradle version information cache is up-to-date. Trying to read.
2022-07-19 20:04:04,899 [Worker-6: Building] INFO  o.e.m.c.i.l.LifecycleMappingFactory - Using org.maven.ide.eclipse.wtp.WarLifecycleMapping lifecycle mapping for MavenProject: ClientSide:ClientSide:0.0.1-SNAPSHOT @ C:\Users\Gaabr\OneDrive - HEPH-Condorcet\Gabriel\1.Ecole 2021-2022\Q2\ProjetsAout22\JEE22-2\Project\ClientSide\pom.xml.
2022-07-19 20:04:09,081 [Worker-6: Building] WARN  o.e.m.c.i.embedder.EclipseLogger - Using platform encoding (Cp1252 actually) to copy filtered resources, i.e. build is platform dependent!
2022-07-19 20:04:09,083 [Worker-6: Building] INFO  o.e.m.c.i.embedder.EclipseLogger - skip non existing resourceDirectory C:\Users\Gaabr\OneDrive - HEPH-Condorcet\Gabriel\1.Ecole 2021-2022\Q2\ProjetsAout22\JEE22-2\Project\ClientSide\src\main\resources
2022-07-19 20:04:09,086 [Worker-6: Building] WARN  o.e.m.c.i.embedder.EclipseLogger - Using platform encoding (Cp1252 actually) to copy filtered resources, i.e. build is platform dependent!
2022-07-19 20:04:09,087 [Worker-6: Building] INFO  o.e.m.c.i.embedder.EclipseLogger - skip non existing resourceDirectory C:\Users\Gaabr\OneDrive - HEPH-Condorcet\Gabriel\1.Ecole 2021-2022\Q2\ProjetsAout22\JEE22-2\Project\ClientSide\src\test\resources
2022-07-19 20:04:09,593 [Worker-3: Building] WARN  o.e.m.c.i.embedder.EclipseLogger - Using platform encoding (Cp1252 actually) to copy filtered resources, i.e. build is platform dependent!
2022-07-19 20:04:09,594 [Worker-3: Building] INFO  o.e.m.c.i.embedder.EclipseLogger - skip non existing resourceDirectory C:\Users\Gaabr\OneDrive - HEPH-Condorcet\Gabriel\1.Ecole 2021-2022\Q2\ProjetsAout22\JEE22-2\Project\ClientSide\src\main\resources
2022-07-19 20:04:09,595 [Worker-3: Building] WARN  o.e.m.c.i.embedder.EclipseLogger - Using platform encoding (Cp1252 actually) to copy filtered resources, i.e. build is platform dependent!
2022-07-19 20:04:09,596 [Worker-3: Building] INFO  o.e.m.c.i.embedder.EclipseLogger - skip non existing resourceDirectory C:\Users\Gaabr\OneDrive - HEPH-Condorcet\Gabriel\1.Ecole 2021-2022\Q2\ProjetsAout22\JEE22-2\Project\ClientSide\src\test\resources
2022-07-19 20:04:09,785 [Worker-3: Building] INFO  o.e.m.c.i.l.LifecycleMappingFactory - Using org.maven.ide.eclipse.wtp.WarLifecycleMapping lifecycle mapping for MavenProject: ServerSide:ServerSide:0.0.1-SNAPSHOT @ C:\Users\Gaabr\OneDrive - HEPH-Condorcet\Gabriel\1.Ecole 2021-2022\Q2\ProjetsAout22\JEE22-2\Project\ServerSide\pom.xml.
2022-07-19 20:04:10,937 [Worker-3: Building] WARN  o.e.m.c.i.embedder.EclipseLogger - Using platform encoding (Cp1252 actually) to copy filtered resources, i.e. build is platform dependent!
2022-07-19 20:04:10,938 [Worker-3: Building] INFO  o.e.m.c.i.embedder.EclipseLogger - skip non existing resourceDirectory C:\Users\Gaabr\OneDrive - HEPH-Condorcet\Gabriel\1.Ecole 2021-2022\Q2\ProjetsAout22\JEE22-2\Project\ServerSide\src\main\resources
2022-07-19 20:04:10,940 [Worker-3: Building] WARN  o.e.m.c.i.embedder.EclipseLogger - Using platform encoding (Cp1252 actually) to copy filtered resources, i.e. build is platform dependent!
2022-07-19 20:04:10,941 [Worker-3: Building] INFO  o.e.m.c.i.embedder.EclipseLogger - skip non existing resourceDirectory C:\Users\Gaabr\OneDrive - HEPH-Condorcet\Gabriel\1.Ecole 2021-2022\Q2\ProjetsAout22\JEE22-2\Project\ServerSide\src\test\resources
2022-07-19 20:04:12,383 [Worker-4: Building] WARN  o.e.m.c.i.embedder.EclipseLogger - Using platform encoding (Cp1252 actually) to copy filtered resources, i.e. build is platform dependent!
2022-07-19 20:04:12,384 [Worker-4: Building] INFO  o.e.m.c.i.embedder.EclipseLogger - skip non existing resourceDirectory C:\Users\Gaabr\OneDrive - HEPH-Condorcet\Gabriel\1.Ecole 2021-2022\Q2\ProjetsAout22\JEE22-2\Project\ServerSide\src\main\resources
2022-07-19 20:04:12,386 [Worker-4: Building] WARN  o.e.m.c.i.embedder.EclipseLogger - Using platform encoding (Cp1252 actually) to copy filtered resources, i.e. build is platform dependent!
2022-07-19 20:04:12,388 [Worker-4: Building] INFO  o.e.m.c.i.embedder.EclipseLogger - skip non existing resourceDirectory C:\Users\Gaabr\OneDrive - HEPH-Condorcet\Gabriel\1.Ecole 2021-2022\Q2\ProjetsAout22\JEE22-2\Project\ServerSide\src\test\resources
2022-07-19 20:04:39,299 [Worker-0: Loading available Gradle versions] INFO  o.e.b.c.i.u.g.PublishedGradleVersions - Gradle version information cache is up-to-date. Trying to read.
2022-07-19 20:14:29,134 [Worker-1: Loading available Gradle versions] INFO  o.e.b.c.i.u.g.PublishedGradleVersions - Gradle version information cache is up-to-date. Trying to read.
2022-07-19 20:14:36,288 [Worker-10: Building] WARN  o.e.m.c.i.embedder.EclipseLogger - Using platform encoding (Cp1252 actually) to copy filtered resources, i.e. build is platform dependent!
2022-07-19 20:14:36,291 [Worker-10: Building] INFO  o.e.m.c.i.embedder.EclipseLogger - skip non existing resourceDirectory C:\Users\Gaabr\OneDrive - HEPH-Condorcet\Gabriel\1.Ecole 2021-2022\Q2\ProjetsAout22\JEE22-2\Project\ClientSide\src\main\resources
2022-07-19 20:14:36,293 [Worker-10: Building] WARN  o.e.m.c.i.embedder.EclipseLogger - Using platform encoding (Cp1252 actually) to copy filtered resources, i.e. build is platform dependent!
2022-07-19 20:14:36,294 [Worker-10: Building] INFO  o.e.m.c.i.embedder.EclipseLogger - skip non existing resourceDirectory C:\Users\Gaabr\OneDrive - HEPH-Condorcet\Gabriel\1.Ecole 2021-2022\Q2\ProjetsAout22\JEE22-2\Project\ClientSide\src\test\resources
2022-07-19 20:14:38,950 [Worker-2: Building] WARN  o.e.m.c.i.embedder.EclipseLogger - Using platform encoding (Cp1252 actually) to copy filtered resources, i.e. build is platform dependent!
2022-07-19 20:14:38,951 [Worker-2: Building] INFO  o.e.m.c.i.embedder.EclipseLogger - skip non existing resourceDirectory C:\Users\Gaabr\OneDrive - HEPH-Condorcet\Gabriel\1.Ecole 2021-2022\Q2\ProjetsAout22\JEE22-2\Project\ServerSide\src\main\resources
2022-07-19 20:14:38,953 [Worker-2: Building] WARN  o.e.m.c.i.embedder.EclipseLogger - Using platform encoding (Cp1252 actually) to copy filtered resources, i.e. build is platform dependent!
2022-07-19 20:14:38,954 [Worker-2: Building] INFO  o.e.m.c.i.embedder.EclipseLogger - skip non existing resourceDirectory C:\Users\Gaabr\OneDrive - HEPH-Condorcet\Gabriel\1.Ecole 2021-2022\Q2\ProjetsAout22\JEE22-2\Project\ServerSide\src\test\resources
2022-07-19 20:23:40,546 [Worker-0: Loading available Gradle versions] INFO  o.e.b.c.i.u.g.PublishedGradleVersions - Gradle version information cache is up-to-date. Trying to read.
2022-07-19 20:23:45,634 [Worker-2: Building] WARN  o.e.m.c.i.embedder.EclipseLogger - Using platform encoding (Cp1252 actually) to copy filtered resources, i.e. build is platform dependent!
2022-07-19 20:23:45,635 [Worker-2: Building] INFO  o.e.m.c.i.embedder.EclipseLogger - skip non existing resourceDirectory C:\Users\Gaabr\OneDrive - HEPH-Condorcet\Gabriel\1.Ecole 2021-2022\Q2\ProjetsAout22\JEE22-2\Project\ClientSide\src\main\resources
2022-07-19 20:23:45,637 [Worker-2: Building] WARN  o.e.m.c.i.embedder.EclipseLogger - Using platform encoding (Cp1252 actually) to copy filtered resources, i.e. build is platform dependent!
2022-07-19 20:23:45,638 [Worker-2: Building] INFO  o.e.m.c.i.embedder.EclipseLogger - skip non existing resourceDirectory C:\Users\Gaabr\OneDrive - HEPH-Condorcet\Gabriel\1.Ecole 2021-2022\Q2\ProjetsAout22\JEE22-2\Project\ClientSide\src\test\resources
2022-07-19 20:23:48,176 [Worker-4: Building] WARN  o.e.m.c.i.embedder.EclipseLogger - Using platform encoding (Cp1252 actually) to copy filtered resources, i.e. build is platform dependent!
2022-07-19 20:23:48,177 [Worker-4: Building] INFO  o.e.m.c.i.embedder.EclipseLogger - skip non existing resourceDirectory C:\Users\Gaabr\OneDrive - HEPH-Condorcet\Gabriel\1.Ecole 2021-2022\Q2\ProjetsAout22\JEE22-2\Project\ClientSide\src\main\resources
2022-07-19 20:23:48,178 [Worker-4: Building] WARN  o.e.m.c.i.embedder.EclipseLogger - Using platform encoding (Cp1252 actually) to copy filtered resources, i.e. build is platform dependent!
2022-07-19 20:23:48,179 [Worker-4: Building] INFO  o.e.m.c.i.embedder.EclipseLogger - skip non existing resourceDirectory C:\Users\Gaabr\OneDrive - HEPH-Condorcet\Gabriel\1.Ecole 2021-2022\Q2\ProjetsAout22\JEE22-2\Project\ClientSide\src\test\resources
2022-07-19 20:23:48,450 [Worker-4: Building] WARN  o.e.m.c.i.embedder.EclipseLogger - Using platform encoding (Cp1252 actually) to copy filtered resources, i.e. build is platform dependent!
2022-07-19 20:23:48,451 [Worker-4: Building] INFO  o.e.m.c.i.embedder.EclipseLogger - skip non existing resourceDirectory C:\Users\Gaabr\OneDrive - HEPH-Condorcet\Gabriel\1.Ecole 2021-2022\Q2\ProjetsAout22\JEE22-2\Project\ServerSide\src\main\resources
2022-07-19 20:23:48,453 [Worker-4: Building] WARN  o.e.m.c.i.embedder.EclipseLogger - Using platform encoding (Cp1252 actually) to copy filtered resources, i.e. build is platform dependent!
2022-07-19 20:23:48,454 [Worker-4: Building] INFO  o.e.m.c.i.embedder.EclipseLogger - skip non existing resourceDirectory C:\Users\Gaabr\OneDrive - HEPH-Condorcet\Gabriel\1.Ecole 2021-2022\Q2\ProjetsAout22\JEE22-2\Project\ServerSide\src\test\resources
